<?xml version="1.0" encoding="UTF-8"?>
<!-- Generated by org.testng.reporters.JUnitReportReporter -->
<testsuite hostname="DESKTOP-QNHJ5Q7" name="dataDrivenTest.NOPComLogin" tests="4" failures="0" timestamp="31 Oct 2022 05:48:56 GMT" time="44.377" errors="0">
  <testcase name="verifyLoginWithInValidUserDetails" time="10.864" classname="dataDrivenTest.NOPComLogin"/>
  <testcase name="verifyLoginWithInValidUserDetails" time="10.873" classname="dataDrivenTest.NOPComLogin"/>
  <testcase name="verifyLoginWithInValidUserDetails" time="11.637" classname="dataDrivenTest.NOPComLogin"/>
  <testcase name="verifyLoginWithInValidUserDetails" time="11.003" classname="dataDrivenTest.NOPComLogin"/>
</testsuite> <!-- dataDrivenTest.NOPComLogin -->
