<?xml version="1.0" encoding="UTF-8"?>
<!-- Generated by org.testng.reporters.JUnitReportReporter -->
<testsuite hostname="DESKTOP-QNHJ5Q7" name="handleSyncIssue.SampleAppTest2" tests="1" failures="0" timestamp="26 Oct 2022 07:17:22 GMT" time="20.689" errors="0">
  <testcase name="verifyLogin" time="20.689" classname="handleSyncIssue.SampleAppTest2"/>
</testsuite> <!-- handleSyncIssue.SampleAppTest2 -->
