<?xml version="1.0" encoding="UTF-8"?>
<!-- Generated by org.testng.reporters.JUnitReportReporter -->
<testsuite hostname="DESKTOP-QNHJ5Q7" name="handleSyncIssue.SampleAppTest" tests="1" failures="0" timestamp="26 Oct 2022 07:15:50 GMT" time="24.991" errors="0">
  <testcase name="verifyLogin" time="24.991" classname="handleSyncIssue.SampleAppTest"/>
</testsuite> <!-- handleSyncIssue.SampleAppTest -->
