<?xml version="1.0" encoding="UTF-8"?>
<!-- Generated by org.testng.reporters.JUnitReportReporter -->
<testsuite hostname="DESKTOP-QNHJ5Q7" name="javascriptExample.HRMLoginTest_JSExample" tests="1" failures="0" timestamp="26 Oct 2022 06:19:51 GMT" time="8.088" errors="0">
  <testcase name="perfomClickOperation" time="8.088" classname="javascriptExample.HRMLoginTest_JSExample"/>
</testsuite> <!-- javascriptExample.HRMLoginTest_JSExample -->
