<?xml version="1.0" encoding="UTF-8"?>
<!-- Generated by org.testng.reporters.JUnitReportReporter -->
<testsuite hostname="DESKTOP-QNHJ5Q7" name="handleFrame.Amazon_TakeScreenshot" tests="1" failures="0" timestamp="25 Oct 2022 07:02:31 GMT" time="7.884" errors="0">
  <testcase name="searchTest" time="7.884" classname="handleFrame.Amazon_TakeScreenshot"/>
</testsuite> <!-- handleFrame.Amazon_TakeScreenshot -->
