<?xml version="1.0" encoding="UTF-8"?>
<!-- Generated by org.testng.reporters.JUnitReportReporter -->
<testsuite hostname="DESKTOP-QNHJ5Q7" name="javascriptExample.MyntraTest_JS" tests="1" failures="0" timestamp="26 Oct 2022 06:45:36 GMT" time="8.143" errors="0">
  <testcase name="perfomClickOperation" time="8.143" classname="javascriptExample.MyntraTest_JS"/>
</testsuite> <!-- javascriptExample.MyntraTest_JS -->
