<?xml version="1.0" encoding="UTF-8"?>
<!-- Generated by org.testng.reporters.JUnitReportReporter -->
<testsuite hostname="DESKTOP-QNHJ5Q7" name="actionExample.AmazonTest" tests="1" failures="0" timestamp="27 Oct 2022 05:54:37 GMT" time="1.837" errors="0">
  <testcase name="perfomClickOperation" time="1.837" classname="actionExample.AmazonTest"/>
</testsuite> <!-- actionExample.AmazonTest -->
