<?xml version="1.0" encoding="UTF-8"?>
<!-- Generated by org.testng.reporters.JUnitReportReporter -->
<testsuite hostname="DESKTOP-QNHJ5Q7" name="tests.LoginTest" tests="1" failures="0" timestamp="31 Oct 2022 06:55:37 GMT" time="3.150" errors="0">
  <testcase name="verifyLoginFeature" time="3.150" classname="tests.LoginTest"/>
</testsuite> <!-- tests.LoginTest -->
