<?xml version="1.0" encoding="UTF-8"?>
<!-- Generated by org.testng.reporters.JUnitReportReporter -->
<testsuite hostname="DESKTOP-QNHJ5Q7" name="actionExample.DemoApp_DragDropTest" tests="1" failures="0" timestamp="27 Oct 2022 05:53:15 GMT" time="25.948" errors="0">
  <testcase name="perfomClickOperation" time="25.948" classname="actionExample.DemoApp_DragDropTest"/>
</testsuite> <!-- actionExample.DemoApp_DragDropTest -->
