<?xml version="1.0" encoding="UTF-8"?>
<!-- Generated by org.testng.reporters.JUnitReportReporter -->
<testsuite hostname="DESKTOP-QNHJ5Q7" name="actionExample.DemoApp_RightClickDoubleClickTest" tests="1" failures="0" timestamp="26 Oct 2022 07:39:03 GMT" time="2.396" errors="0">
  <testcase name="perfomClickOperation" time="2.396" classname="actionExample.DemoApp_RightClickDoubleClickTest"/>
</testsuite> <!-- actionExample.DemoApp_RightClickDoubleClickTest -->
