<?xml version="1.0" encoding="UTF-8"?>
<!-- Generated by org.testng.reporters.JUnitReportReporter -->
<testsuite hostname="DESKTOP-QNHJ5Q7" name="logExample.NOPComLogin" tests="3" failures="0" timestamp="31 Oct 2022 05:49:16 GMT" time="4.526" errors="0">
  <testcase name="verifyLogin" time="3.412" classname="logExample.NOPComLogin"/>
  <testcase name="verifyAppTitle" time="0.042" classname="logExample.NOPComLogin"/>
  <testcase name="verufyLogout" time="1.072" classname="logExample.NOPComLogin"/>
</testsuite> <!-- logExample.NOPComLogin -->
