<?xml version="1.0" encoding="UTF-8"?>
<!-- Generated by org.testng.reporters.JUnitReportReporter -->
<testsuite hostname="DESKTOP-QNHJ5Q7" name="javascriptExample.HRMLoginTest_JSExample1" tests="1" failures="0" timestamp="26 Oct 2022 06:21:29 GMT" time="12.152" errors="0">
  <testcase name="perfomClickOperation" time="12.152" classname="javascriptExample.HRMLoginTest_JSExample1"/>
</testsuite> <!-- javascriptExample.HRMLoginTest_JSExample1 -->
