<?xml version="1.0" encoding="UTF-8"?>
<!-- Generated by org.testng.reporters.JUnitReportReporter -->
<testsuite hostname="DESKTOP-QNHJ5Q7" name="actionExample.DemoApp_RightClickDoubleClickTest1" tests="1" failures="0" timestamp="26 Oct 2022 07:40:10 GMT" time="2.459" errors="0">
  <testcase name="perfomDoubleClick" time="2.459" classname="actionExample.DemoApp_RightClickDoubleClickTest1"/>
</testsuite> <!-- actionExample.DemoApp_RightClickDoubleClickTest1 -->
