<?xml version="1.0" encoding="UTF-8"?>
<!-- Generated by org.testng.reporters.JUnitReportReporter -->
<testsuite hostname="DESKTOP-QNHJ5Q7" failures="0" tests="4" name="dataDrivenTest.NOPComLogin" time="45.787" errors="0" timestamp="2022-11-02T00:11:10 PDT" skipped="0">
  <testcase classname="dataDrivenTest.NOPComLogin" name="verifyLoginWithInValidUserDetails" time="11.329"/>
  <system-out/>
  <testcase classname="dataDrivenTest.NOPComLogin" name="verifyLoginWithInValidUserDetails" time="11.611"/>
  <system-out/>
  <testcase classname="dataDrivenTest.NOPComLogin" name="verifyLoginWithInValidUserDetails" time="11.332"/>
  <system-out/>
  <testcase classname="dataDrivenTest.NOPComLogin" name="verifyLoginWithInValidUserDetails" time="11.515"/>
  <system-out/>
</testsuite> <!-- dataDrivenTest.NOPComLogin -->
